<?xml version="1.0" encoding="UTF-8" standalone="yes"?><!DOCTYPE report PUBLIC "-//JACOCO//DTD Report 1.1//EN" "report.dtd"><report name="SimulateurImpot2024"><sessioninfo id="VictorY-4ece9822" start="1746339146815" dump="1746339149762"/><sessioninfo id="VictorY-d042deee" start="1746388102171" dump="1746388105534"/><sessioninfo id="VictorY-9f996417" start="1746388953639" dump="1746388957450"/><sessioninfo id="VictorY-31967359" start="1746389206380" dump="1746389209677"/><sessioninfo id="VictorY-9d4e45fa" start="1746389532345" dump="1746389535769"/><sessioninfo id="VictorY-833e54af" start="1746389720553" dump="1746389723317"/><sessioninfo id="VictorY-70e367bb" start="1746390004219" dump="1746390007207"/><sessioninfo id="VictorY-8d0f7919" start="1746390104098" dump="1746390106955"/><sessioninfo id="VictorY-1170bcfd" start="1746390577080" dump="1746390580544"/><sessioninfo id="VictorY-3abd7628" start="1746390721749" dump="1746390725528"/><sessioninfo id="VictorY-abcb02c2" start="1746390884932" dump="1746390888141"/><sessioninfo id="VictorY-5912bb72" start="1746390989872" dump="1746390992607"/><sessioninfo id="LAPTOP-IVAMU06N-8f117bd1" start="1746392017008" dump="1746392018460"/><sessioninfo id="LAPTOP-IVAMU06N-ec6ef3aa" start="1746392746502" dump="1746392747873"/><sessioninfo id="LAPTOP-IVAMU06N-4416ccd4" start="1746392854915" dump="1746392856356"/></report>